C:\Users\HSAAA\Desktop\workshop\backend\backend\frontend\dist\out-tsc\e2e\src\app.po.js
C:\Users\HSAAA\Desktop\workshop\backend\backend\frontend\dist\out-tsc\e2e\src\app.po.js.map
C:\Users\HSAAA\Desktop\workshop\backend\backend\frontend\dist\out-tsc\e2e\src\app.e2e-spec.js
C:\Users\HSAAA\Desktop\workshop\backend\backend\frontend\dist\out-tsc\e2e\src\app.e2e-spec.js.map
C:\Users\HSAAA\Desktop\workshop\backend\backend\frontend\dist\out-tsc\src\app\app-routing.module.js
C:\Users\HSAAA\Desktop\workshop\backend\backend\frontend\dist\out-tsc\src\app\app-routing.module.js.map
C:\Users\HSAAA\Desktop\workshop\backend\backend\frontend\dist\out-tsc\src\app\app.component.js
C:\Users\HSAAA\Desktop\workshop\backend\backend\frontend\dist\out-tsc\src\app\app.component.js.map
C:\Users\HSAAA\Desktop\workshop\backend\backend\frontend\dist\out-tsc\src\app\pages\homepage.pages\homepage.component.js
C:\Users\HSAAA\Desktop\workshop\backend\backend\frontend\dist\out-tsc\src\app\pages\homepage.pages\homepage.component.js.map
C:\Users\HSAAA\Desktop\workshop\backend\backend\frontend\dist\out-tsc\src\app\pages\signpage.pages\signpage.component.js
C:\Users\HSAAA\Desktop\workshop\backend\backend\frontend\dist\out-tsc\src\app\pages\signpage.pages\signpage.component.js.map
C:\Users\HSAAA\Desktop\workshop\backend\backend\frontend\dist\out-tsc\src\app\pages\userpage.pages\userpage.component.js
C:\Users\HSAAA\Desktop\workshop\backend\backend\frontend\dist\out-tsc\src\app\pages\userpage.pages\userpage.component.js.map
C:\Users\HSAAA\Desktop\workshop\backend\backend\frontend\dist\out-tsc\src\app\app.module.js
C:\Users\HSAAA\Desktop\workshop\backend\backend\frontend\dist\out-tsc\src\app\app.module.js.map
C:\Users\HSAAA\Desktop\workshop\backend\backend\frontend\dist\out-tsc\src\environments\environment.js
C:\Users\HSAAA\Desktop\workshop\backend\backend\frontend\dist\out-tsc\src\environments\environment.js.map
C:\Users\HSAAA\Desktop\workshop\backend\backend\frontend\dist\out-tsc\src\main.js
C:\Users\HSAAA\Desktop\workshop\backend\backend\frontend\dist\out-tsc\src\main.js.map
C:\Users\HSAAA\Desktop\workshop\backend\backend\frontend\dist\out-tsc\src\polyfills.js
C:\Users\HSAAA\Desktop\workshop\backend\backend\frontend\dist\out-tsc\src\polyfills.js.map
C:\Users\HSAAA\Desktop\workshop\backend\backend\frontend\dist\out-tsc\src\test.js
C:\Users\HSAAA\Desktop\workshop\backend\backend\frontend\dist\out-tsc\src\test.js.map
C:\Users\HSAAA\Desktop\workshop\backend\backend\frontend\dist\out-tsc\src\app\app.component.spec.js
C:\Users\HSAAA\Desktop\workshop\backend\backend\frontend\dist\out-tsc\src\app\app.component.spec.js.map
C:\Users\HSAAA\Desktop\workshop\backend\backend\frontend\dist\out-tsc\src\app\components\signin.component\signin.component.js
C:\Users\HSAAA\Desktop\workshop\backend\backend\frontend\dist\out-tsc\src\app\components\signin.component\signin.component.js.map
C:\Users\HSAAA\Desktop\workshop\backend\backend\frontend\dist\out-tsc\src\app\components\signup.component\signup.component.js
C:\Users\HSAAA\Desktop\workshop\backend\backend\frontend\dist\out-tsc\src\app\components\signup.component\signup.component.js.map
C:\Users\HSAAA\Desktop\workshop\backend\backend\frontend\dist\out-tsc\src\app\components\workshopdetails.component\workshopdetails.component.js
C:\Users\HSAAA\Desktop\workshop\backend\backend\frontend\dist\out-tsc\src\app\components\workshopdetails.component\workshopdetails.component.js.map
C:\Users\HSAAA\Desktop\workshop\backend\backend\frontend\dist\out-tsc\src\app\components\workshops.component\workshops.component.js
C:\Users\HSAAA\Desktop\workshop\backend\backend\frontend\dist\out-tsc\src\app\components\workshops.component\workshops.component.js.map
C:\Users\HSAAA\Desktop\workshop\backend\backend\frontend\dist\out-tsc\src\environments\environment.prod.js
C:\Users\HSAAA\Desktop\workshop\backend\backend\frontend\dist\out-tsc\src\environments\environment.prod.js.map
